\BOOKMARK [0][-]{chapter*.1}{\376\377\000P\000r\000e\000f\000a\000c\000e}{}% 1
\BOOKMARK [0][-]{chapter*.2}{\376\377\000C\000o\000n\000t\000e\000n\000t\000s}{}% 2
\BOOKMARK [0][-]{chapter*.3}{\376\377\000L\000i\000s\000t\000\040\000o\000f\000\040\000F\000i\000g\000u\000r\000e\000s}{}% 3
\BOOKMARK [0][-]{chapter*.4}{\376\377\000L\000i\000s\000t\000\040\000o\000f\000\040\000T\000a\000b\000l\000e\000s}{}% 4
\BOOKMARK [-1][-]{part.1}{\376\377\000I\000\040\000F\000i\000r\000s\000t\000\040\000p\000a\000r\000t}{}% 5
\BOOKMARK [0][-]{chapter.1.1}{\376\377\000B\000l\000a\000c\000k\000-\000S\000c\000h\000o\000l\000e\000s\000\040\000M\000o\000d\000e\000l\000\040\000f\000o\000r\000\040\000P\000r\000i\000c\000i\000n\000g\000\040\000C\000a\000l\000l\000\040\000a\000n\000d\000\040\000P\000u\000t\000\040\000O\000p\000t\000i\000o\000n\000s}{part.1}% 6
\BOOKMARK [1][-]{section.1.1.1}{\376\377\000A\000s\000s\000u\000m\000p\000t\000i\000o\000n\000s\000\040\000o\000f\000\040\000t\000h\000e\000\040\000B\000l\000a\000c\000k\000-\000S\000c\000h\000o\000l\000e\000s\000\040\000M\000o\000d\000e\000l}{chapter.1.1}% 7
\BOOKMARK [1][-]{section.1.1.2}{\376\377\000D\000e\000r\000i\000v\000a\000t\000i\000o\000n\000\040\000o\000f\000\040\000t\000h\000e\000\040\000B\000l\000a\000c\000k\000-\000S\000c\000h\000o\000l\000e\000s\000\040\000E\000q\000u\000a\000t\000i\000o\000n}{chapter.1.1}% 8
\BOOKMARK [1][-]{section.1.1.3}{\376\377\000S\000o\000l\000u\000t\000i\000o\000n\000\040\000t\000o\000\040\000t\000h\000e\000\040\000B\000l\000a\000c\000k\000-\000S\000c\000h\000o\000l\000e\000s\000\040\000E\000q\000u\000a\000t\000i\000o\000n\000\040\000f\000o\000r\000\040\000C\000a\000l\000l\000\040\000O\000p\000t\000i\000o\000n\000s}{chapter.1.1}% 9
\BOOKMARK [1][-]{section.1.1.4}{\376\377\000S\000o\000l\000u\000t\000i\000o\000n\000\040\000t\000o\000\040\000t\000h\000e\000\040\000B\000l\000a\000c\000k\000-\000S\000c\000h\000o\000l\000e\000s\000\040\000E\000q\000u\000a\000t\000i\000o\000n\000\040\000f\000o\000r\000\040\000P\000u\000t\000\040\000O\000p\000t\000i\000o\000n\000s}{chapter.1.1}% 10
\BOOKMARK [1][-]{section.1.1.5}{\376\377\000G\000r\000e\000e\000k\000s\000\040\000i\000n\000\040\000t\000h\000e\000\040\000B\000l\000a\000c\000k\000-\000S\000c\000h\000o\000l\000e\000s\000\040\000M\000o\000d\000e\000l}{chapter.1.1}% 11
\BOOKMARK [1][-]{section.1.1.6}{\376\377\000N\000u\000m\000e\000r\000i\000c\000a\000l\000\040\000E\000x\000a\000m\000p\000l\000e\000s}{chapter.1.1}% 12
\BOOKMARK [1][-]{section.1.1.7}{\376\377\000C\000o\000n\000c\000l\000u\000s\000i\000o\000n}{chapter.1.1}% 13
\BOOKMARK [0][-]{chapter.1.2}{\376\377\000B\000l\000a\000c\000k\000-\000S\000c\000h\000o\000l\000e\000s\000\040\000M\000o\000d\000e\000l\000\040\000f\000o\000r\000\040\000P\000r\000i\000c\000i\000n\000g\000\040\000C\000a\000l\000l\000\040\000a\000n\000d\000\040\000P\000u\000t\000\040\000O\000p\000t\000i\000o\000n\000s}{part.1}% 14
\BOOKMARK [1][-]{section.1.2.1}{\376\377\000A\000s\000s\000u\000m\000p\000t\000i\000o\000n\000s\000\040\000o\000f\000\040\000t\000h\000e\000\040\000B\000l\000a\000c\000k\000-\000S\000c\000h\000o\000l\000e\000s\000\040\000M\000o\000d\000e\000l}{chapter.1.2}% 15
\BOOKMARK [1][-]{section.1.2.2}{\376\377\000D\000e\000r\000i\000v\000a\000t\000i\000o\000n\000\040\000o\000f\000\040\000t\000h\000e\000\040\000B\000l\000a\000c\000k\000-\000S\000c\000h\000o\000l\000e\000s\000\040\000E\000q\000u\000a\000t\000i\000o\000n}{chapter.1.2}% 16
\BOOKMARK [1][-]{section.1.2.3}{\376\377\000S\000o\000l\000u\000t\000i\000o\000n\000\040\000t\000o\000\040\000t\000h\000e\000\040\000B\000l\000a\000c\000k\000-\000S\000c\000h\000o\000l\000e\000s\000\040\000E\000q\000u\000a\000t\000i\000o\000n\000\040\000f\000o\000r\000\040\000C\000a\000l\000l\000\040\000O\000p\000t\000i\000o\000n\000s}{chapter.1.2}% 17
\BOOKMARK [1][-]{section.1.2.4}{\376\377\000S\000o\000l\000u\000t\000i\000o\000n\000\040\000t\000o\000\040\000t\000h\000e\000\040\000B\000l\000a\000c\000k\000-\000S\000c\000h\000o\000l\000e\000s\000\040\000E\000q\000u\000a\000t\000i\000o\000n\000\040\000f\000o\000r\000\040\000P\000u\000t\000\040\000O\000p\000t\000i\000o\000n\000s}{chapter.1.2}% 18
\BOOKMARK [1][-]{section.1.2.5}{\376\377\000G\000r\000e\000e\000k\000s\000\040\000i\000n\000\040\000t\000h\000e\000\040\000B\000l\000a\000c\000k\000-\000S\000c\000h\000o\000l\000e\000s\000\040\000M\000o\000d\000e\000l}{chapter.1.2}% 19
\BOOKMARK [1][-]{section.1.2.6}{\376\377\000N\000u\000m\000e\000r\000i\000c\000a\000l\000\040\000E\000x\000a\000m\000p\000l\000e\000s}{chapter.1.2}% 20
\BOOKMARK [1][-]{section.1.2.7}{\376\377\000C\000o\000n\000c\000l\000u\000s\000i\000o\000n}{chapter.1.2}% 21
\BOOKMARK [0][-]{chapter.1.3}{\376\377\000B\000l\000a\000c\000k\000-\000S\000c\000h\000o\000l\000e\000s\000\040\000M\000o\000d\000e\000l\000\040\000f\000o\000r\000\040\000P\000r\000i\000c\000i\000n\000g\000\040\000C\000a\000l\000l\000\040\000a\000n\000d\000\040\000P\000u\000t\000\040\000O\000p\000t\000i\000o\000n\000s}{part.1}% 22
\BOOKMARK [1][-]{section.1.3.1}{\376\377\000A\000s\000s\000u\000m\000p\000t\000i\000o\000n\000s\000\040\000o\000f\000\040\000t\000h\000e\000\040\000B\000l\000a\000c\000k\000-\000S\000c\000h\000o\000l\000e\000s\000\040\000M\000o\000d\000e\000l}{chapter.1.3}% 23
\BOOKMARK [1][-]{section.1.3.2}{\376\377\000D\000e\000r\000i\000v\000a\000t\000i\000o\000n\000\040\000o\000f\000\040\000t\000h\000e\000\040\000B\000l\000a\000c\000k\000-\000S\000c\000h\000o\000l\000e\000s\000\040\000E\000q\000u\000a\000t\000i\000o\000n}{chapter.1.3}% 24
\BOOKMARK [1][-]{section.1.3.3}{\376\377\000S\000o\000l\000u\000t\000i\000o\000n\000\040\000t\000o\000\040\000t\000h\000e\000\040\000B\000l\000a\000c\000k\000-\000S\000c\000h\000o\000l\000e\000s\000\040\000E\000q\000u\000a\000t\000i\000o\000n\000\040\000f\000o\000r\000\040\000C\000a\000l\000l\000\040\000O\000p\000t\000i\000o\000n\000s}{chapter.1.3}% 25
\BOOKMARK [1][-]{section.1.3.4}{\376\377\000S\000o\000l\000u\000t\000i\000o\000n\000\040\000t\000o\000\040\000t\000h\000e\000\040\000B\000l\000a\000c\000k\000-\000S\000c\000h\000o\000l\000e\000s\000\040\000E\000q\000u\000a\000t\000i\000o\000n\000\040\000f\000o\000r\000\040\000P\000u\000t\000\040\000O\000p\000t\000i\000o\000n\000s}{chapter.1.3}% 26
\BOOKMARK [1][-]{section.1.3.5}{\376\377\000G\000r\000e\000e\000k\000s\000\040\000i\000n\000\040\000t\000h\000e\000\040\000B\000l\000a\000c\000k\000-\000S\000c\000h\000o\000l\000e\000s\000\040\000M\000o\000d\000e\000l}{chapter.1.3}% 27
\BOOKMARK [1][-]{section.1.3.6}{\376\377\000N\000u\000m\000e\000r\000i\000c\000a\000l\000\040\000E\000x\000a\000m\000p\000l\000e\000s}{chapter.1.3}% 28
\BOOKMARK [1][-]{section.1.3.7}{\376\377\000C\000o\000n\000c\000l\000u\000s\000i\000o\000n}{chapter.1.3}% 29
\BOOKMARK [-1][-]{part.2}{\376\377\000I\000I\000\040\000S\000e\000c\000o\000n\000d\000\040\000p\000a\000r\000t}{}% 30
\BOOKMARK [0][-]{chapter.2.1}{\376\377\000B\000l\000a\000c\000k\000-\000S\000c\000h\000o\000l\000e\000s\000\040\000M\000o\000d\000e\000l\000\040\000f\000o\000r\000\040\000P\000r\000i\000c\000i\000n\000g\000\040\000C\000a\000l\000l\000\040\000a\000n\000d\000\040\000P\000u\000t\000\040\000O\000p\000t\000i\000o\000n\000s}{part.2}% 31
\BOOKMARK [1][-]{section.2.1.1}{\376\377\000A\000s\000s\000u\000m\000p\000t\000i\000o\000n\000s\000\040\000o\000f\000\040\000t\000h\000e\000\040\000B\000l\000a\000c\000k\000-\000S\000c\000h\000o\000l\000e\000s\000\040\000M\000o\000d\000e\000l}{chapter.2.1}% 32
\BOOKMARK [1][-]{section.2.1.2}{\376\377\000D\000e\000r\000i\000v\000a\000t\000i\000o\000n\000\040\000o\000f\000\040\000t\000h\000e\000\040\000B\000l\000a\000c\000k\000-\000S\000c\000h\000o\000l\000e\000s\000\040\000E\000q\000u\000a\000t\000i\000o\000n}{chapter.2.1}% 33
\BOOKMARK [1][-]{section.2.1.3}{\376\377\000S\000o\000l\000u\000t\000i\000o\000n\000\040\000t\000o\000\040\000t\000h\000e\000\040\000B\000l\000a\000c\000k\000-\000S\000c\000h\000o\000l\000e\000s\000\040\000E\000q\000u\000a\000t\000i\000o\000n\000\040\000f\000o\000r\000\040\000C\000a\000l\000l\000\040\000O\000p\000t\000i\000o\000n\000s}{chapter.2.1}% 34
\BOOKMARK [1][-]{section.2.1.4}{\376\377\000S\000o\000l\000u\000t\000i\000o\000n\000\040\000t\000o\000\040\000t\000h\000e\000\040\000B\000l\000a\000c\000k\000-\000S\000c\000h\000o\000l\000e\000s\000\040\000E\000q\000u\000a\000t\000i\000o\000n\000\040\000f\000o\000r\000\040\000P\000u\000t\000\040\000O\000p\000t\000i\000o\000n\000s}{chapter.2.1}% 35
\BOOKMARK [1][-]{section.2.1.5}{\376\377\000G\000r\000e\000e\000k\000s\000\040\000i\000n\000\040\000t\000h\000e\000\040\000B\000l\000a\000c\000k\000-\000S\000c\000h\000o\000l\000e\000s\000\040\000M\000o\000d\000e\000l}{chapter.2.1}% 36
\BOOKMARK [1][-]{section.2.1.6}{\376\377\000N\000u\000m\000e\000r\000i\000c\000a\000l\000\040\000E\000x\000a\000m\000p\000l\000e\000s}{chapter.2.1}% 37
\BOOKMARK [1][-]{section.2.1.7}{\376\377\000C\000o\000n\000c\000l\000u\000s\000i\000o\000n}{chapter.2.1}% 38
\BOOKMARK [0][-]{chapter.2.2}{\376\377\000B\000l\000a\000c\000k\000-\000S\000c\000h\000o\000l\000e\000s\000\040\000M\000o\000d\000e\000l\000\040\000f\000o\000r\000\040\000P\000r\000i\000c\000i\000n\000g\000\040\000C\000a\000l\000l\000\040\000a\000n\000d\000\040\000P\000u\000t\000\040\000O\000p\000t\000i\000o\000n\000s}{part.2}% 39
\BOOKMARK [1][-]{section.2.2.1}{\376\377\000A\000s\000s\000u\000m\000p\000t\000i\000o\000n\000s\000\040\000o\000f\000\040\000t\000h\000e\000\040\000B\000l\000a\000c\000k\000-\000S\000c\000h\000o\000l\000e\000s\000\040\000M\000o\000d\000e\000l}{chapter.2.2}% 40
\BOOKMARK [1][-]{section.2.2.2}{\376\377\000D\000e\000r\000i\000v\000a\000t\000i\000o\000n\000\040\000o\000f\000\040\000t\000h\000e\000\040\000B\000l\000a\000c\000k\000-\000S\000c\000h\000o\000l\000e\000s\000\040\000E\000q\000u\000a\000t\000i\000o\000n}{chapter.2.2}% 41
\BOOKMARK [1][-]{section.2.2.3}{\376\377\000S\000o\000l\000u\000t\000i\000o\000n\000\040\000t\000o\000\040\000t\000h\000e\000\040\000B\000l\000a\000c\000k\000-\000S\000c\000h\000o\000l\000e\000s\000\040\000E\000q\000u\000a\000t\000i\000o\000n\000\040\000f\000o\000r\000\040\000C\000a\000l\000l\000\040\000O\000p\000t\000i\000o\000n\000s}{chapter.2.2}% 42
\BOOKMARK [1][-]{section.2.2.4}{\376\377\000S\000o\000l\000u\000t\000i\000o\000n\000\040\000t\000o\000\040\000t\000h\000e\000\040\000B\000l\000a\000c\000k\000-\000S\000c\000h\000o\000l\000e\000s\000\040\000E\000q\000u\000a\000t\000i\000o\000n\000\040\000f\000o\000r\000\040\000P\000u\000t\000\040\000O\000p\000t\000i\000o\000n\000s}{chapter.2.2}% 43
\BOOKMARK [1][-]{section.2.2.5}{\376\377\000G\000r\000e\000e\000k\000s\000\040\000i\000n\000\040\000t\000h\000e\000\040\000B\000l\000a\000c\000k\000-\000S\000c\000h\000o\000l\000e\000s\000\040\000M\000o\000d\000e\000l}{chapter.2.2}% 44
\BOOKMARK [1][-]{section.2.2.6}{\376\377\000N\000u\000m\000e\000r\000i\000c\000a\000l\000\040\000E\000x\000a\000m\000p\000l\000e\000s}{chapter.2.2}% 45
\BOOKMARK [1][-]{section.2.2.7}{\376\377\000C\000o\000n\000c\000l\000u\000s\000i\000o\000n}{chapter.2.2}% 46
\BOOKMARK [0][-]{chapter.2.3}{\376\377\000B\000l\000a\000c\000k\000-\000S\000c\000h\000o\000l\000e\000s\000\040\000M\000o\000d\000e\000l\000\040\000f\000o\000r\000\040\000P\000r\000i\000c\000i\000n\000g\000\040\000C\000a\000l\000l\000\040\000a\000n\000d\000\040\000P\000u\000t\000\040\000O\000p\000t\000i\000o\000n\000s}{part.2}% 47
\BOOKMARK [1][-]{section.2.3.1}{\376\377\000A\000s\000s\000u\000m\000p\000t\000i\000o\000n\000s\000\040\000o\000f\000\040\000t\000h\000e\000\040\000B\000l\000a\000c\000k\000-\000S\000c\000h\000o\000l\000e\000s\000\040\000M\000o\000d\000e\000l}{chapter.2.3}% 48
\BOOKMARK [1][-]{section.2.3.2}{\376\377\000D\000e\000r\000i\000v\000a\000t\000i\000o\000n\000\040\000o\000f\000\040\000t\000h\000e\000\040\000B\000l\000a\000c\000k\000-\000S\000c\000h\000o\000l\000e\000s\000\040\000E\000q\000u\000a\000t\000i\000o\000n}{chapter.2.3}% 49
\BOOKMARK [1][-]{section.2.3.3}{\376\377\000S\000o\000l\000u\000t\000i\000o\000n\000\040\000t\000o\000\040\000t\000h\000e\000\040\000B\000l\000a\000c\000k\000-\000S\000c\000h\000o\000l\000e\000s\000\040\000E\000q\000u\000a\000t\000i\000o\000n\000\040\000f\000o\000r\000\040\000C\000a\000l\000l\000\040\000O\000p\000t\000i\000o\000n\000s}{chapter.2.3}% 50
\BOOKMARK [1][-]{section.2.3.4}{\376\377\000S\000o\000l\000u\000t\000i\000o\000n\000\040\000t\000o\000\040\000t\000h\000e\000\040\000B\000l\000a\000c\000k\000-\000S\000c\000h\000o\000l\000e\000s\000\040\000E\000q\000u\000a\000t\000i\000o\000n\000\040\000f\000o\000r\000\040\000P\000u\000t\000\040\000O\000p\000t\000i\000o\000n\000s}{chapter.2.3}% 51
\BOOKMARK [1][-]{section.2.3.5}{\376\377\000G\000r\000e\000e\000k\000s\000\040\000i\000n\000\040\000t\000h\000e\000\040\000B\000l\000a\000c\000k\000-\000S\000c\000h\000o\000l\000e\000s\000\040\000M\000o\000d\000e\000l}{chapter.2.3}% 52
\BOOKMARK [1][-]{section.2.3.6}{\376\377\000N\000u\000m\000e\000r\000i\000c\000a\000l\000\040\000E\000x\000a\000m\000p\000l\000e\000s}{chapter.2.3}% 53
\BOOKMARK [1][-]{section.2.3.7}{\376\377\000C\000o\000n\000c\000l\000u\000s\000i\000o\000n}{chapter.2.3}% 54
\BOOKMARK [-1][-]{part.3}{\376\377\000I\000I\000I\000\040\000T\000h\000i\000r\000d\000\040\000p\000a\000r\000t}{}% 55
\BOOKMARK [0][-]{chapter.3.1}{\376\377\000B\000l\000a\000c\000k\000-\000S\000c\000h\000o\000l\000e\000s\000\040\000M\000o\000d\000e\000l\000\040\000f\000o\000r\000\040\000P\000r\000i\000c\000i\000n\000g\000\040\000C\000a\000l\000l\000\040\000a\000n\000d\000\040\000P\000u\000t\000\040\000O\000p\000t\000i\000o\000n\000s}{part.3}% 56
\BOOKMARK [1][-]{section.3.1.1}{\376\377\000A\000s\000s\000u\000m\000p\000t\000i\000o\000n\000s\000\040\000o\000f\000\040\000t\000h\000e\000\040\000B\000l\000a\000c\000k\000-\000S\000c\000h\000o\000l\000e\000s\000\040\000M\000o\000d\000e\000l}{chapter.3.1}% 57
\BOOKMARK [1][-]{section.3.1.2}{\376\377\000D\000e\000r\000i\000v\000a\000t\000i\000o\000n\000\040\000o\000f\000\040\000t\000h\000e\000\040\000B\000l\000a\000c\000k\000-\000S\000c\000h\000o\000l\000e\000s\000\040\000E\000q\000u\000a\000t\000i\000o\000n}{chapter.3.1}% 58
\BOOKMARK [1][-]{section.3.1.3}{\376\377\000S\000o\000l\000u\000t\000i\000o\000n\000\040\000t\000o\000\040\000t\000h\000e\000\040\000B\000l\000a\000c\000k\000-\000S\000c\000h\000o\000l\000e\000s\000\040\000E\000q\000u\000a\000t\000i\000o\000n\000\040\000f\000o\000r\000\040\000C\000a\000l\000l\000\040\000O\000p\000t\000i\000o\000n\000s}{chapter.3.1}% 59
\BOOKMARK [1][-]{section.3.1.4}{\376\377\000S\000o\000l\000u\000t\000i\000o\000n\000\040\000t\000o\000\040\000t\000h\000e\000\040\000B\000l\000a\000c\000k\000-\000S\000c\000h\000o\000l\000e\000s\000\040\000E\000q\000u\000a\000t\000i\000o\000n\000\040\000f\000o\000r\000\040\000P\000u\000t\000\040\000O\000p\000t\000i\000o\000n\000s}{chapter.3.1}% 60
\BOOKMARK [1][-]{section.3.1.5}{\376\377\000G\000r\000e\000e\000k\000s\000\040\000i\000n\000\040\000t\000h\000e\000\040\000B\000l\000a\000c\000k\000-\000S\000c\000h\000o\000l\000e\000s\000\040\000M\000o\000d\000e\000l}{chapter.3.1}% 61
\BOOKMARK [1][-]{section.3.1.6}{\376\377\000N\000u\000m\000e\000r\000i\000c\000a\000l\000\040\000E\000x\000a\000m\000p\000l\000e\000s}{chapter.3.1}% 62
\BOOKMARK [1][-]{section.3.1.7}{\376\377\000C\000o\000n\000c\000l\000u\000s\000i\000o\000n}{chapter.3.1}% 63
\BOOKMARK [0][-]{chapter.3.2}{\376\377\000B\000l\000a\000c\000k\000-\000S\000c\000h\000o\000l\000e\000s\000\040\000M\000o\000d\000e\000l\000\040\000f\000o\000r\000\040\000P\000r\000i\000c\000i\000n\000g\000\040\000C\000a\000l\000l\000\040\000a\000n\000d\000\040\000P\000u\000t\000\040\000O\000p\000t\000i\000o\000n\000s}{part.3}% 64
\BOOKMARK [1][-]{section.3.2.1}{\376\377\000A\000s\000s\000u\000m\000p\000t\000i\000o\000n\000s\000\040\000o\000f\000\040\000t\000h\000e\000\040\000B\000l\000a\000c\000k\000-\000S\000c\000h\000o\000l\000e\000s\000\040\000M\000o\000d\000e\000l}{chapter.3.2}% 65
\BOOKMARK [1][-]{section.3.2.2}{\376\377\000D\000e\000r\000i\000v\000a\000t\000i\000o\000n\000\040\000o\000f\000\040\000t\000h\000e\000\040\000B\000l\000a\000c\000k\000-\000S\000c\000h\000o\000l\000e\000s\000\040\000E\000q\000u\000a\000t\000i\000o\000n}{chapter.3.2}% 66
\BOOKMARK [1][-]{section.3.2.3}{\376\377\000S\000o\000l\000u\000t\000i\000o\000n\000\040\000t\000o\000\040\000t\000h\000e\000\040\000B\000l\000a\000c\000k\000-\000S\000c\000h\000o\000l\000e\000s\000\040\000E\000q\000u\000a\000t\000i\000o\000n\000\040\000f\000o\000r\000\040\000C\000a\000l\000l\000\040\000O\000p\000t\000i\000o\000n\000s}{chapter.3.2}% 67
\BOOKMARK [1][-]{section.3.2.4}{\376\377\000S\000o\000l\000u\000t\000i\000o\000n\000\040\000t\000o\000\040\000t\000h\000e\000\040\000B\000l\000a\000c\000k\000-\000S\000c\000h\000o\000l\000e\000s\000\040\000E\000q\000u\000a\000t\000i\000o\000n\000\040\000f\000o\000r\000\040\000P\000u\000t\000\040\000O\000p\000t\000i\000o\000n\000s}{chapter.3.2}% 68
\BOOKMARK [1][-]{section.3.2.5}{\376\377\000G\000r\000e\000e\000k\000s\000\040\000i\000n\000\040\000t\000h\000e\000\040\000B\000l\000a\000c\000k\000-\000S\000c\000h\000o\000l\000e\000s\000\040\000M\000o\000d\000e\000l}{chapter.3.2}% 69
\BOOKMARK [1][-]{section.3.2.6}{\376\377\000N\000u\000m\000e\000r\000i\000c\000a\000l\000\040\000E\000x\000a\000m\000p\000l\000e\000s}{chapter.3.2}% 70
\BOOKMARK [1][-]{section.3.2.7}{\376\377\000C\000o\000n\000c\000l\000u\000s\000i\000o\000n}{chapter.3.2}% 71
\BOOKMARK [0][-]{chapter.3.3}{\376\377\000B\000l\000a\000c\000k\000-\000S\000c\000h\000o\000l\000e\000s\000\040\000M\000o\000d\000e\000l\000\040\000f\000o\000r\000\040\000P\000r\000i\000c\000i\000n\000g\000\040\000C\000a\000l\000l\000\040\000a\000n\000d\000\040\000P\000u\000t\000\040\000O\000p\000t\000i\000o\000n\000s}{part.3}% 72
\BOOKMARK [1][-]{section.3.3.1}{\376\377\000A\000s\000s\000u\000m\000p\000t\000i\000o\000n\000s\000\040\000o\000f\000\040\000t\000h\000e\000\040\000B\000l\000a\000c\000k\000-\000S\000c\000h\000o\000l\000e\000s\000\040\000M\000o\000d\000e\000l}{chapter.3.3}% 73
\BOOKMARK [1][-]{section.3.3.2}{\376\377\000D\000e\000r\000i\000v\000a\000t\000i\000o\000n\000\040\000o\000f\000\040\000t\000h\000e\000\040\000B\000l\000a\000c\000k\000-\000S\000c\000h\000o\000l\000e\000s\000\040\000E\000q\000u\000a\000t\000i\000o\000n}{chapter.3.3}% 74
\BOOKMARK [1][-]{section.3.3.3}{\376\377\000S\000o\000l\000u\000t\000i\000o\000n\000\040\000t\000o\000\040\000t\000h\000e\000\040\000B\000l\000a\000c\000k\000-\000S\000c\000h\000o\000l\000e\000s\000\040\000E\000q\000u\000a\000t\000i\000o\000n\000\040\000f\000o\000r\000\040\000C\000a\000l\000l\000\040\000O\000p\000t\000i\000o\000n\000s}{chapter.3.3}% 75
\BOOKMARK [1][-]{section.3.3.4}{\376\377\000S\000o\000l\000u\000t\000i\000o\000n\000\040\000t\000o\000\040\000t\000h\000e\000\040\000B\000l\000a\000c\000k\000-\000S\000c\000h\000o\000l\000e\000s\000\040\000E\000q\000u\000a\000t\000i\000o\000n\000\040\000f\000o\000r\000\040\000P\000u\000t\000\040\000O\000p\000t\000i\000o\000n\000s}{chapter.3.3}% 76
\BOOKMARK [1][-]{section.3.3.5}{\376\377\000G\000r\000e\000e\000k\000s\000\040\000i\000n\000\040\000t\000h\000e\000\040\000B\000l\000a\000c\000k\000-\000S\000c\000h\000o\000l\000e\000s\000\040\000M\000o\000d\000e\000l}{chapter.3.3}% 77
\BOOKMARK [1][-]{section.3.3.6}{\376\377\000N\000u\000m\000e\000r\000i\000c\000a\000l\000\040\000E\000x\000a\000m\000p\000l\000e\000s}{chapter.3.3}% 78
\BOOKMARK [1][-]{section.3.3.7}{\376\377\000C\000o\000n\000c\000l\000u\000s\000i\000o\000n}{chapter.3.3}% 79
